{"/Users/malphonce/Projects/react-native-lite-orm/src/index.ts": {"path":"/Users/malphonce/Projects/react-native-lite-orm/src/index.ts","statementMap":{},"fnMap":{},"branchMap":{},"s":{},"f":{},"b":{},"_coverageSchema":"1a1c01bbd47fc00a2c39e90264f33305004495a9","hash":"a08fc166bee82283bd086bf42486c9994e46574f"}
,"/Users/malphonce/Projects/react-native-lite-orm/src/types.ts": {"path":"/Users/malphonce/Projects/react-native-lite-orm/src/types.ts","statementMap":{"0":{"start":{"line":34,"column":18},"end":{"line":44,"column":1}}},"fnMap":{},"branchMap":{},"s":{"0":4},"f":{},"b":{},"_coverageSchema":"1a1c01bbd47fc00a2c39e90264f33305004495a9","hash":"ced07a83809e1035e12587278b9abdd1ee87afee"}
,"/Users/malphonce/Projects/react-native-lite-orm/src/adapters/adapter.ts": {"path":"/Users/malphonce/Projects/react-native-lite-orm/src/adapters/adapter.ts","statementMap":{},"fnMap":{},"branchMap":{},"s":{},"f":{},"b":{},"_coverageSchema":"1a1c01bbd47fc00a2c39e90264f33305004495a9","hash":"6efbcb2223d87d62c3f97118c20f740926686bce"}
,"/Users/malphonce/Projects/react-native-lite-orm/src/adapters/expo-adapter.ts": {"path":"/Users/malphonce/Projects/react-native-lite-orm/src/adapters/expo-adapter.ts","statementMap":{"0":{"start":{"line":9,"column":8},"end":{"line":9,"column":29}},"1":{"start":{"line":13,"column":8},"end":{"line":13,"column":41}},"2":{"start":{"line":14,"column":8},"end":{"line":14,"column":48}},"3":{"start":{"line":19,"column":8},"end":{"line":45,"column":11}},"4":{"start":{"line":20,"column":12},"end":{"line":44,"column":22}},"5":{"start":{"line":21,"column":16},"end":{"line":21,"column":31}},"6":{"start":{"line":24,"column":16},"end":{"line":44,"column":22}},"7":{"start":{"line":26,"column":24},"end":{"line":43,"column":44}},"8":{"start":{"line":27,"column":28},"end":{"line":40,"column":30}},"9":{"start":{"line":28,"column":32},"end":{"line":39,"column":33}},"10":{"start":{"line":33,"column":40},"end":{"line":33,"column":83}},"11":{"start":{"line":36,"column":40},"end":{"line":36,"column":56}},"12":{"start":{"line":37,"column":40},"end":{"line":37,"column":52}},"13":{"start":{"line":49,"column":8},"end":{"line":51,"column":44}},"14":{"start":{"line":50,"column":25},"end":{"line":50,"column":31}},"15":{"start":{"line":51,"column":30},"end":{"line":51,"column":41}}},"fnMap":{"0":{"name":"(anonymous_0)","decl":{"start":{"line":8,"column":4},"end":{"line":8,"column":5}},"loc":{"start":{"line":8,"column":41},"end":{"line":10,"column":5}},"line":8},"1":{"name":"(anonymous_1)","decl":{"start":{"line":12,"column":4},"end":{"line":12,"column":5}},"loc":{"start":{"line":12,"column":30},"end":{"line":15,"column":5}},"line":12},"2":{"name":"(anonymous_2)","decl":{"start":{"line":17,"column":4},"end":{"line":17,"column":5}},"loc":{"start":{"line":17,"column":114},"end":{"line":46,"column":5}},"line":17},"3":{"name":"(anonymous_3)","decl":{"start":{"line":19,"column":27},"end":{"line":19,"column":28}},"loc":{"start":{"line":19,"column":52},"end":{"line":45,"column":9}},"line":19},"4":{"name":"(anonymous_4)","decl":{"start":{"line":25,"column":20},"end":{"line":25,"column":21}},"loc":{"start":{"line":25,"column":26},"end":{"line":44,"column":21}},"line":25},"5":{"name":"(anonymous_5)","decl":{"start":{"line":26,"column":45},"end":{"line":26,"column":46}},"loc":{"start":{"line":26,"column":61},"end":{"line":41,"column":25}},"line":26},"6":{"name":"(anonymous_6)","decl":{"start":{"line":27,"column":84},"end":{"line":27,"column":85}},"loc":{"start":{"line":27,"column":111},"end":{"line":40,"column":29}},"line":27},"7":{"name":"(anonymous_7)","decl":{"start":{"line":31,"column":36},"end":{"line":31,"column":37}},"loc":{"start":{"line":31,"column":63},"end":{"line":34,"column":37}},"line":31},"8":{"name":"(anonymous_8)","decl":{"start":{"line":35,"column":36},"end":{"line":35,"column":37}},"loc":{"start":{"line":35,"column":50},"end":{"line":38,"column":37}},"line":35},"9":{"name":"(anonymous_9)","decl":{"start":{"line":48,"column":4},"end":{"line":48,"column":5}},"loc":{"start":{"line":48,"column":99},"end":{"line":52,"column":5}},"line":48},"10":{"name":"(anonymous_10)","decl":{"start":{"line":50,"column":18},"end":{"line":50,"column":19}},"loc":{"start":{"line":50,"column":25},"end":{"line":50,"column":31}},"line":50},"11":{"name":"(anonymous_11)","decl":{"start":{"line":51,"column":19},"end":{"line":51,"column":20}},"loc":{"start":{"line":51,"column":28},"end":{"line":51,"column":43}},"line":51}},"branchMap":{"0":{"loc":{"start":{"line":8,"column":23},"end":{"line":8,"column":39}},"type":"default-arg","locations":[{"start":{"line":8,"column":30},"end":{"line":8,"column":39}}],"line":8},"1":{"loc":{"start":{"line":13,"column":20},"end":{"line":13,"column":40}},"type":"binary-expr","locations":[{"start":{"line":13,"column":20},"end":{"line":13,"column":27}},{"start":{"line":13,"column":31},"end":{"line":13,"column":40}}],"line":13},"2":{"loc":{"start":{"line":17,"column":41},"end":{"line":17,"column":59}},"type":"default-arg","locations":[{"start":{"line":17,"column":57},"end":{"line":17,"column":59}}],"line":17},"3":{"loc":{"start":{"line":20,"column":12},"end":{"line":44,"column":22}},"type":"if","locations":[{"start":{"line":20,"column":12},"end":{"line":44,"column":22}},{"start":{"line":20,"column":12},"end":{"line":44,"column":22}}],"line":20},"4":{"loc":{"start":{"line":48,"column":33},"end":{"line":48,"column":51}},"type":"default-arg","locations":[{"start":{"line":48,"column":49},"end":{"line":48,"column":51}}],"line":48}},"s":{"0":4,"1":0,"2":0,"3":0,"4":0,"5":0,"6":0,"7":0,"8":0,"9":0,"10":0,"11":0,"12":0,"13":0,"14":0,"15":0},"f":{"0":4,"1":0,"2":0,"3":0,"4":0,"5":0,"6":0,"7":0,"8":0,"9":0,"10":0,"11":0},"b":{"0":[4],"1":[0,0],"2":[0],"3":[0,0],"4":[0]},"_coverageSchema":"1a1c01bbd47fc00a2c39e90264f33305004495a9","hash":"a87851ce10bd6bc6cf35619563eaf09104991983"}
,"/Users/malphonce/Projects/react-native-lite-orm/src/components/context.ts": {"path":"/Users/malphonce/Projects/react-native-lite-orm/src/components/context.ts","statementMap":{"0":{"start":{"line":5,"column":16},"end":{"line":5,"column":59}},"1":{"start":{"line":7,"column":0},"end":{"line":9,"column":1}},"2":{"start":{"line":8,"column":2},"end":{"line":8,"column":52}}},"fnMap":{},"branchMap":{"0":{"loc":{"start":{"line":7,"column":0},"end":{"line":9,"column":1}},"type":"if","locations":[{"start":{"line":7,"column":0},"end":{"line":9,"column":1}},{"start":{"line":7,"column":0},"end":{"line":9,"column":1}}],"line":7}},"s":{"0":4,"1":4,"2":4},"f":{},"b":{"0":[4,0]},"_coverageSchema":"1a1c01bbd47fc00a2c39e90264f33305004495a9","hash":"f34147726e7c22bdc9a55854f8b486e1cf75b570"}
,"/Users/malphonce/Projects/react-native-lite-orm/src/components/database-provider.tsx": {"path":"/Users/malphonce/Projects/react-native-lite-orm/src/components/database-provider.tsx","statementMap":{"0":{"start":{"line":12,"column":4},"end":{"line":12,"column":101}}},"fnMap":{"0":{"name":"DatabaseProvider","decl":{"start":{"line":11,"column":16},"end":{"line":11,"column":32}},"loc":{"start":{"line":11,"column":80},"end":{"line":13,"column":1}},"line":11}},"branchMap":{},"s":{"0":2},"f":{"0":2},"b":{},"_coverageSchema":"1a1c01bbd47fc00a2c39e90264f33305004495a9","hash":"f775c56bd9b6b3456c7e0c42440b9aae39f1ca7b"}
,"/Users/malphonce/Projects/react-native-lite-orm/src/core/db-action.ts": {"path":"/Users/malphonce/Projects/react-native-lite-orm/src/core/db-action.ts","statementMap":{"0":{"start":{"line":11,"column":8},"end":{"line":11,"column":23}},"1":{"start":{"line":12,"column":8},"end":{"line":12,"column":26}},"2":{"start":{"line":13,"column":8},"end":{"line":13,"column":24}},"3":{"start":{"line":17,"column":8},"end":{"line":21,"column":11}},"4":{"start":{"line":18,"column":12},"end":{"line":18,"column":68}},"5":{"start":{"line":19,"column":12},"end":{"line":19,"column":50}},"6":{"start":{"line":20,"column":12},"end":{"line":20,"column":33}},"7":{"start":{"line":22,"column":8},"end":{"line":22,"column":20}},"8":{"start":{"line":26,"column":8},"end":{"line":31,"column":11}},"9":{"start":{"line":27,"column":36},"end":{"line":27,"column":39}},"10":{"start":{"line":28,"column":12},"end":{"line":28,"column":59}},"11":{"start":{"line":29,"column":12},"end":{"line":29,"column":60}},"12":{"start":{"line":30,"column":12},"end":{"line":30,"column":33}},"13":{"start":{"line":32,"column":8},"end":{"line":32,"column":20}},"14":{"start":{"line":36,"column":8},"end":{"line":46,"column":9}},"15":{"start":{"line":37,"column":12},"end":{"line":41,"column":15}},"16":{"start":{"line":38,"column":16},"end":{"line":38,"column":59}},"17":{"start":{"line":39,"column":16},"end":{"line":39,"column":44}},"18":{"start":{"line":40,"column":16},"end":{"line":40,"column":37}},"19":{"start":{"line":43,"column":12},"end":{"line":43,"column":58}},"20":{"start":{"line":44,"column":12},"end":{"line":44,"column":34}},"21":{"start":{"line":45,"column":12},"end":{"line":45,"column":39}},"22":{"start":{"line":47,"column":8},"end":{"line":47,"column":20}},"23":{"start":{"line":51,"column":8},"end":{"line":51,"column":74}}},"fnMap":{"0":{"name":"(anonymous_0)","decl":{"start":{"line":10,"column":4},"end":{"line":10,"column":5}},"loc":{"start":{"line":10,"column":70},"end":{"line":14,"column":5}},"line":10},"1":{"name":"(anonymous_1)","decl":{"start":{"line":16,"column":4},"end":{"line":16,"column":5}},"loc":{"start":{"line":16,"column":22},"end":{"line":23,"column":5}},"line":16},"2":{"name":"(anonymous_2)","decl":{"start":{"line":17,"column":21},"end":{"line":17,"column":22}},"loc":{"start":{"line":17,"column":30},"end":{"line":21,"column":9}},"line":17},"3":{"name":"(anonymous_3)","decl":{"start":{"line":25,"column":4},"end":{"line":25,"column":5}},"loc":{"start":{"line":25,"column":25},"end":{"line":33,"column":5}},"line":25},"4":{"name":"(anonymous_4)","decl":{"start":{"line":26,"column":21},"end":{"line":26,"column":22}},"loc":{"start":{"line":26,"column":30},"end":{"line":31,"column":9}},"line":26},"5":{"name":"(anonymous_5)","decl":{"start":{"line":35,"column":4},"end":{"line":35,"column":5}},"loc":{"start":{"line":35,"column":26},"end":{"line":48,"column":5}},"line":35},"6":{"name":"(anonymous_6)","decl":{"start":{"line":37,"column":25},"end":{"line":37,"column":26}},"loc":{"start":{"line":37,"column":34},"end":{"line":41,"column":13}},"line":37},"7":{"name":"(anonymous_7)","decl":{"start":{"line":50,"column":4},"end":{"line":50,"column":5}},"loc":{"start":{"line":50,"column":20},"end":{"line":52,"column":5}},"line":50}},"branchMap":{"0":{"loc":{"start":{"line":36,"column":8},"end":{"line":46,"column":9}},"type":"if","locations":[{"start":{"line":36,"column":8},"end":{"line":46,"column":9}},{"start":{"line":36,"column":8},"end":{"line":46,"column":9}}],"line":36}},"s":{"0":12,"1":12,"2":12,"3":12,"4":14,"5":14,"6":14,"7":12,"8":6,"9":8,"10":8,"11":8,"12":8,"13":6,"14":3,"15":2,"16":2,"17":2,"18":2,"19":1,"20":1,"21":1,"22":3,"23":12},"f":{"0":12,"1":12,"2":14,"3":6,"4":8,"5":3,"6":2,"7":12},"b":{"0":[2,1]},"_coverageSchema":"1a1c01bbd47fc00a2c39e90264f33305004495a9","hash":"83f08b3cb6fcdeb1966f7b7e6db23a2fd989a1b7"}
,"/Users/malphonce/Projects/react-native-lite-orm/src/core/db-context.ts": {"path":"/Users/malphonce/Projects/react-native-lite-orm/src/core/db-context.ts","statementMap":{"0":{"start":{"line":13,"column":32},"end":{"line":16,"column":10}},"1":{"start":{"line":20,"column":27},"end":{"line":20,"column":32}},"2":{"start":{"line":21,"column":20},"end":{"line":21,"column":42}},"3":{"start":{"line":25,"column":4},"end":{"line":28,"column":5}},"4":{"start":{"line":30,"column":4},"end":{"line":32,"column":5}},"5":{"start":{"line":31,"column":6},"end":{"line":31,"column":21}},"6":{"start":{"line":36,"column":4},"end":{"line":38,"column":5}},"7":{"start":{"line":37,"column":6},"end":{"line":37,"column":34}},"8":{"start":{"line":40,"column":4},"end":{"line":49,"column":5}},"9":{"start":{"line":41,"column":6},"end":{"line":41,"column":45}},"10":{"start":{"line":42,"column":6},"end":{"line":47,"column":7}},"11":{"start":{"line":43,"column":23},"end":{"line":43,"column":58}},"12":{"start":{"line":44,"column":8},"end":{"line":44,"column":50}},"13":{"start":{"line":45,"column":8},"end":{"line":45,"column":68}},"14":{"start":{"line":46,"column":8},"end":{"line":46,"column":65}},"15":{"start":{"line":46,"column":51},"end":{"line":46,"column":62}},"16":{"start":{"line":48,"column":6},"end":{"line":48,"column":33}},"17":{"start":{"line":53,"column":14},"end":{"line":53,"column":50}},"18":{"start":{"line":54,"column":4},"end":{"line":57,"column":5}},"19":{"start":{"line":55,"column":6},"end":{"line":55,"column":56}},"20":{"start":{"line":56,"column":6},"end":{"line":56,"column":34}},"21":{"start":{"line":58,"column":4},"end":{"line":58,"column":15}}},"fnMap":{"0":{"name":"(anonymous_0)","decl":{"start":{"line":24,"column":2},"end":{"line":24,"column":3}},"loc":{"start":{"line":24,"column":51},"end":{"line":33,"column":3}},"line":24},"1":{"name":"(anonymous_1)","decl":{"start":{"line":35,"column":2},"end":{"line":35,"column":3}},"loc":{"start":{"line":35,"column":34},"end":{"line":50,"column":3}},"line":35},"2":{"name":"(anonymous_2)","decl":{"start":{"line":46,"column":46},"end":{"line":46,"column":47}},"loc":{"start":{"line":46,"column":51},"end":{"line":46,"column":62}},"line":46},"3":{"name":"(anonymous_3)","decl":{"start":{"line":52,"column":2},"end":{"line":52,"column":3}},"loc":{"start":{"line":52,"column":43},"end":{"line":59,"column":3}},"line":52}},"branchMap":{"0":{"loc":{"start":{"line":27,"column":9},"end":{"line":27,"column":22}},"type":"binary-expr","locations":[{"start":{"line":27,"column":9},"end":{"line":27,"column":16}},{"start":{"line":27,"column":20},"end":{"line":27,"column":22}}],"line":27},"1":{"loc":{"start":{"line":30,"column":4},"end":{"line":32,"column":5}},"type":"if","locations":[{"start":{"line":30,"column":4},"end":{"line":32,"column":5}},{"start":{"line":30,"column":4},"end":{"line":32,"column":5}}],"line":30},"2":{"loc":{"start":{"line":36,"column":4},"end":{"line":38,"column":5}},"type":"if","locations":[{"start":{"line":36,"column":4},"end":{"line":38,"column":5}},{"start":{"line":36,"column":4},"end":{"line":38,"column":5}}],"line":36},"3":{"loc":{"start":{"line":40,"column":4},"end":{"line":49,"column":5}},"type":"if","locations":[{"start":{"line":40,"column":4},"end":{"line":49,"column":5}},{"start":{"line":40,"column":4},"end":{"line":49,"column":5}}],"line":40},"4":{"loc":{"start":{"line":42,"column":6},"end":{"line":47,"column":7}},"type":"if","locations":[{"start":{"line":42,"column":6},"end":{"line":47,"column":7}},{"start":{"line":42,"column":6},"end":{"line":47,"column":7}}],"line":42},"5":{"loc":{"start":{"line":54,"column":4},"end":{"line":57,"column":5}},"type":"if","locations":[{"start":{"line":54,"column":4},"end":{"line":57,"column":5}},{"start":{"line":54,"column":4},"end":{"line":57,"column":5}}],"line":54}},"s":{"0":4,"1":20,"2":20,"3":20,"4":20,"5":20,"6":20,"7":20,"8":20,"9":20,"10":20,"11":0,"12":0,"13":0,"14":0,"15":0,"16":20,"17":20,"18":20,"19":20,"20":20,"21":20},"f":{"0":20,"1":20,"2":0,"3":20},"b":{"0":[20,0],"1":[20,0],"2":[20,0],"3":[20,0],"4":[0,20],"5":[20,0]},"_coverageSchema":"1a1c01bbd47fc00a2c39e90264f33305004495a9","hash":"bc40c837adda0001caf58d5e2d613ee210c2462b"}
,"/Users/malphonce/Projects/react-native-lite-orm/src/core/db-query.ts": {"path":"/Users/malphonce/Projects/react-native-lite-orm/src/core/db-query.ts","statementMap":{"0":{"start":{"line":11,"column":8},"end":{"line":11,"column":59}},"1":{"start":{"line":12,"column":8},"end":{"line":12,"column":20}},"2":{"start":{"line":15,"column":8},"end":{"line":15,"column":20}},"3":{"start":{"line":19,"column":20},"end":{"line":19,"column":66}},"4":{"start":{"line":22,"column":32},"end":{"line":22,"column":34}},"5":{"start":{"line":23,"column":8},"end":{"line":30,"column":15}},"6":{"start":{"line":24,"column":12},"end":{"line":30,"column":15}},"7":{"start":{"line":25,"column":35},"end":{"line":27,"column":17}},"8":{"start":{"line":26,"column":20},"end":{"line":26,"column":44}},"9":{"start":{"line":29,"column":16},"end":{"line":29,"column":52}},"10":{"start":{"line":31,"column":20},"end":{"line":31,"column":61}},"11":{"start":{"line":32,"column":8},"end":{"line":32,"column":24}}},"fnMap":{"0":{"name":"(anonymous_0)","decl":{"start":{"line":6,"column":4},"end":{"line":6,"column":5}},"loc":{"start":{"line":9,"column":6},"end":{"line":9,"column":9}},"line":9},"1":{"name":"(anonymous_1)","decl":{"start":{"line":10,"column":4},"end":{"line":10,"column":5}},"loc":{"start":{"line":10,"column":75},"end":{"line":13,"column":5}},"line":10},"2":{"name":"(anonymous_2)","decl":{"start":{"line":14,"column":4},"end":{"line":14,"column":5}},"loc":{"start":{"line":14,"column":18},"end":{"line":16,"column":5}},"line":14},"3":{"name":"(anonymous_3)","decl":{"start":{"line":18,"column":4},"end":{"line":18,"column":5}},"loc":{"start":{"line":18,"column":32},"end":{"line":34,"column":5}},"line":18},"4":{"name":"(anonymous_4)","decl":{"start":{"line":24,"column":35},"end":{"line":24,"column":36}},"loc":{"start":{"line":24,"column":47},"end":{"line":30,"column":13}},"line":24},"5":{"name":"(anonymous_5)","decl":{"start":{"line":25,"column":66},"end":{"line":25,"column":67}},"loc":{"start":{"line":26,"column":20},"end":{"line":26,"column":44}},"line":26}},"branchMap":{"0":{"loc":{"start":{"line":23,"column":8},"end":{"line":30,"column":15}},"type":"if","locations":[{"start":{"line":23,"column":8},"end":{"line":30,"column":15}},{"start":{"line":23,"column":8},"end":{"line":30,"column":15}}],"line":23},"1":{"loc":{"start":{"line":23,"column":12},"end":{"line":23,"column":46}},"type":"binary-expr","locations":[{"start":{"line":23,"column":12},"end":{"line":23,"column":24}},{"start":{"line":23,"column":28},"end":{"line":23,"column":46}}],"line":23}},"s":{"0":6,"1":6,"2":2,"3":14,"4":14,"5":14,"6":11,"7":12,"8":27,"9":12,"10":14,"11":14},"f":{"0":12,"1":6,"2":2,"3":14,"4":12,"5":27},"b":{"0":[11,3],"1":[14,14]},"_coverageSchema":"1a1c01bbd47fc00a2c39e90264f33305004495a9","hash":"5835165d7d4fa738d7678ad506c13cfc3d78ce42"}
,"/Users/malphonce/Projects/react-native-lite-orm/src/core/db-schema.ts": {"path":"/Users/malphonce/Projects/react-native-lite-orm/src/core/db-schema.ts","statementMap":{"0":{"start":{"line":11,"column":8},"end":{"line":11,"column":23}},"1":{"start":{"line":12,"column":8},"end":{"line":12,"column":27}},"2":{"start":{"line":16,"column":8},"end":{"line":16,"column":59}},"3":{"start":{"line":20,"column":8},"end":{"line":20,"column":48}},"4":{"start":{"line":24,"column":20},"end":{"line":24,"column":79}},"5":{"start":{"line":25,"column":8},"end":{"line":25,"column":35}},"6":{"start":{"line":29,"column":23},"end":{"line":29,"column":63}},"7":{"start":{"line":30,"column":8},"end":{"line":30,"column":35}},"8":{"start":{"line":31,"column":8},"end":{"line":31,"column":22}},"9":{"start":{"line":35,"column":8},"end":{"line":35,"column":71}}},"fnMap":{"0":{"name":"(anonymous_0)","decl":{"start":{"line":10,"column":4},"end":{"line":10,"column":5}},"loc":{"start":{"line":10,"column":43},"end":{"line":13,"column":5}},"line":10},"1":{"name":"(anonymous_1)","decl":{"start":{"line":15,"column":4},"end":{"line":15,"column":5}},"loc":{"start":{"line":15,"column":75},"end":{"line":17,"column":5}},"line":15},"2":{"name":"(anonymous_2)","decl":{"start":{"line":19,"column":4},"end":{"line":19,"column":5}},"loc":{"start":{"line":19,"column":33},"end":{"line":21,"column":5}},"line":19},"3":{"name":"(anonymous_3)","decl":{"start":{"line":23,"column":4},"end":{"line":23,"column":5}},"loc":{"start":{"line":23,"column":59},"end":{"line":26,"column":5}},"line":23},"4":{"name":"(anonymous_4)","decl":{"start":{"line":28,"column":4},"end":{"line":28,"column":5}},"loc":{"start":{"line":28,"column":51},"end":{"line":32,"column":5}},"line":28},"5":{"name":"(anonymous_5)","decl":{"start":{"line":34,"column":4},"end":{"line":34,"column":5}},"loc":{"start":{"line":34,"column":124},"end":{"line":36,"column":5}},"line":34}},"branchMap":{},"s":{"0":0,"1":0,"2":0,"3":0,"4":0,"5":0,"6":0,"7":0,"8":0,"9":0},"f":{"0":0,"1":0,"2":0,"3":0,"4":0,"5":0},"b":{},"_coverageSchema":"1a1c01bbd47fc00a2c39e90264f33305004495a9","hash":"f6789feae2bd08ea7f75322df7eec91c049c99b2"}
,"/Users/malphonce/Projects/react-native-lite-orm/src/core/db-table.ts": {"path":"/Users/malphonce/Projects/react-native-lite-orm/src/core/db-table.ts","statementMap":{"0":{"start":{"line":10,"column":29},"end":{"line":13,"column":7}},"1":{"start":{"line":16,"column":22},"end":{"line":40,"column":10}},"2":{"start":{"line":18,"column":16},"end":{"line":36,"column":17}},"3":{"start":{"line":19,"column":20},"end":{"line":35,"column":22}},"4":{"start":{"line":20,"column":45},"end":{"line":20,"column":57}},"5":{"start":{"line":24,"column":30},"end":{"line":24,"column":32}},"6":{"start":{"line":25,"column":24},"end":{"line":29,"column":25}},"7":{"start":{"line":26,"column":28},"end":{"line":28,"column":29}},"8":{"start":{"line":27,"column":32},"end":{"line":27,"column":91}},"9":{"start":{"line":30,"column":24},"end":{"line":30,"column":47}},"10":{"start":{"line":31,"column":24},"end":{"line":34,"column":27}},"11":{"start":{"line":32,"column":40},"end":{"line":32,"column":63}},"12":{"start":{"line":33,"column":28},"end":{"line":33,"column":52}},"13":{"start":{"line":38,"column":16},"end":{"line":38,"column":42}},"14":{"start":{"line":41,"column":8},"end":{"line":41,"column":21}},"15":{"start":{"line":44,"column":22},"end":{"line":70,"column":9}},"16":{"start":{"line":48,"column":20},"end":{"line":65,"column":21}},"17":{"start":{"line":49,"column":24},"end":{"line":58,"column":26}},"18":{"start":{"line":50,"column":28},"end":{"line":55,"column":31}},"19":{"start":{"line":52,"column":44},"end":{"line":52,"column":48}},"20":{"start":{"line":56,"column":28},"end":{"line":56,"column":55}},"21":{"start":{"line":57,"column":28},"end":{"line":57,"column":41}},"22":{"start":{"line":59,"column":27},"end":{"line":65,"column":21}},"23":{"start":{"line":60,"column":24},"end":{"line":64,"column":26}},"24":{"start":{"line":61,"column":28},"end":{"line":61,"column":63}},"25":{"start":{"line":62,"column":28},"end":{"line":62,"column":49}},"26":{"start":{"line":63,"column":28},"end":{"line":63,"column":41}},"27":{"start":{"line":67,"column":20},"end":{"line":67,"column":46}},"28":{"start":{"line":71,"column":8},"end":{"line":71,"column":21}}},"fnMap":{"0":{"name":"(anonymous_0)","decl":{"start":{"line":8,"column":4},"end":{"line":8,"column":5}},"loc":{"start":{"line":8,"column":70},"end":{"line":8,"column":73}},"line":8},"1":{"name":"(anonymous_1)","decl":{"start":{"line":15,"column":4},"end":{"line":15,"column":5}},"loc":{"start":{"line":15,"column":27},"end":{"line":42,"column":5}},"line":15},"2":{"name":"(anonymous_2)","decl":{"start":{"line":17,"column":17},"end":{"line":17,"column":18}},"loc":{"start":{"line":17,"column":41},"end":{"line":39,"column":13}},"line":17},"3":{"name":"(anonymous_3)","decl":{"start":{"line":19,"column":27},"end":{"line":19,"column":28}},"loc":{"start":{"line":19,"column":39},"end":{"line":35,"column":21}},"line":19},"4":{"name":"(anonymous_4)","decl":{"start":{"line":31,"column":42},"end":{"line":31,"column":43}},"loc":{"start":{"line":31,"column":57},"end":{"line":34,"column":25}},"line":31},"5":{"name":"(anonymous_5)","decl":{"start":{"line":43,"column":4},"end":{"line":43,"column":5}},"loc":{"start":{"line":43,"column":49},"end":{"line":72,"column":5}},"line":43},"6":{"name":"(anonymous_6)","decl":{"start":{"line":47,"column":21},"end":{"line":47,"column":22}},"loc":{"start":{"line":47,"column":45},"end":{"line":68,"column":17}},"line":47},"7":{"name":"(anonymous_7)","decl":{"start":{"line":49,"column":31},"end":{"line":49,"column":32}},"loc":{"start":{"line":49,"column":58},"end":{"line":58,"column":25}},"line":49},"8":{"name":"(anonymous_8)","decl":{"start":{"line":52,"column":38},"end":{"line":52,"column":39}},"loc":{"start":{"line":52,"column":44},"end":{"line":52,"column":48}},"line":52},"9":{"name":"(anonymous_9)","decl":{"start":{"line":60,"column":31},"end":{"line":60,"column":32}},"loc":{"start":{"line":60,"column":37},"end":{"line":64,"column":25}},"line":60}},"branchMap":{"0":{"loc":{"start":{"line":18,"column":16},"end":{"line":36,"column":17}},"type":"if","locations":[{"start":{"line":18,"column":16},"end":{"line":36,"column":17}},{"start":{"line":18,"column":16},"end":{"line":36,"column":17}}],"line":18},"1":{"loc":{"start":{"line":26,"column":28},"end":{"line":28,"column":29}},"type":"if","locations":[{"start":{"line":26,"column":28},"end":{"line":28,"column":29}},{"start":{"line":26,"column":28},"end":{"line":28,"column":29}}],"line":26},"2":{"loc":{"start":{"line":48,"column":20},"end":{"line":65,"column":21}},"type":"if","locations":[{"start":{"line":48,"column":20},"end":{"line":65,"column":21}},{"start":{"line":48,"column":20},"end":{"line":65,"column":21}}],"line":48},"3":{"loc":{"start":{"line":51,"column":40},"end":{"line":53,"column":74}},"type":"cond-expr","locations":[{"start":{"line":52,"column":38},"end":{"line":52,"column":48}},{"start":{"line":53,"column":38},"end":{"line":53,"column":74}}],"line":51},"4":{"loc":{"start":{"line":59,"column":27},"end":{"line":65,"column":21}},"type":"if","locations":[{"start":{"line":59,"column":27},"end":{"line":65,"column":21}},{"start":{"line":59,"column":27},"end":{"line":65,"column":21}}],"line":59}},"s":{"0":20,"1":12,"2":133,"3":12,"4":12,"5":12,"6":12,"7":3,"8":2,"9":12,"10":12,"11":2,"12":2,"13":121,"14":12,"15":12,"16":48,"17":6,"18":6,"19":0,"20":6,"21":6,"22":42,"23":2,"24":2,"25":2,"26":2,"27":40,"28":12},"f":{"0":20,"1":12,"2":133,"3":12,"4":2,"5":12,"6":48,"7":6,"8":0,"9":2},"b":{"0":[12,121],"1":[2,1],"2":[6,42],"3":[1,5],"4":[2,40]},"_coverageSchema":"1a1c01bbd47fc00a2c39e90264f33305004495a9","hash":"a7c59f36445497ea05aba8be27590578685d9bd7"}
,"/Users/malphonce/Projects/react-native-lite-orm/src/core/index.ts": {"path":"/Users/malphonce/Projects/react-native-lite-orm/src/core/index.ts","statementMap":{},"fnMap":{},"branchMap":{},"s":{},"f":{},"b":{},"_coverageSchema":"1a1c01bbd47fc00a2c39e90264f33305004495a9","hash":"e1ea569933ef2699906e53fd25e70fa3bf158fc7"}
,"/Users/malphonce/Projects/react-native-lite-orm/src/core/builders/filter-builder/index.ts": {"path":"/Users/malphonce/Projects/react-native-lite-orm/src/core/builders/filter-builder/index.ts","statementMap":{"0":{"start":{"line":8,"column":4},"end":{"line":97,"column":1}},"1":{"start":{"line":10,"column":17},"end":{"line":14,"column":5}},"2":{"start":{"line":12,"column":6},"end":{"line":12,"column":48}},"3":{"start":{"line":12,"column":31},"end":{"line":12,"column":48}},"4":{"start":{"line":13,"column":6},"end":{"line":13,"column":19}},"5":{"start":{"line":15,"column":4},"end":{"line":15,"column":21}},"6":{"start":{"line":16,"column":4},"end":{"line":16,"column":16}},"7":{"start":{"line":19,"column":17},"end":{"line":23,"column":5}},"8":{"start":{"line":21,"column":6},"end":{"line":21,"column":48}},"9":{"start":{"line":21,"column":31},"end":{"line":21,"column":48}},"10":{"start":{"line":22,"column":6},"end":{"line":22,"column":19}},"11":{"start":{"line":24,"column":4},"end":{"line":24,"column":21}},"12":{"start":{"line":25,"column":4},"end":{"line":25,"column":16}},"13":{"start":{"line":28,"column":19},"end":{"line":32,"column":5}},"14":{"start":{"line":30,"column":6},"end":{"line":30,"column":49}},"15":{"start":{"line":30,"column":32},"end":{"line":30,"column":49}},"16":{"start":{"line":31,"column":6},"end":{"line":31,"column":19}},"17":{"start":{"line":33,"column":4},"end":{"line":33,"column":25}},"18":{"start":{"line":34,"column":4},"end":{"line":34,"column":18}},"19":{"start":{"line":37,"column":17},"end":{"line":41,"column":5}},"20":{"start":{"line":39,"column":6},"end":{"line":39,"column":48}},"21":{"start":{"line":39,"column":31},"end":{"line":39,"column":48}},"22":{"start":{"line":40,"column":6},"end":{"line":40,"column":19}},"23":{"start":{"line":42,"column":4},"end":{"line":42,"column":21}},"24":{"start":{"line":43,"column":4},"end":{"line":43,"column":16}},"25":{"start":{"line":46,"column":19},"end":{"line":50,"column":5}},"26":{"start":{"line":48,"column":6},"end":{"line":48,"column":49}},"27":{"start":{"line":48,"column":32},"end":{"line":48,"column":49}},"28":{"start":{"line":49,"column":6},"end":{"line":49,"column":19}},"29":{"start":{"line":51,"column":4},"end":{"line":51,"column":25}},"30":{"start":{"line":52,"column":4},"end":{"line":52,"column":18}},"31":{"start":{"line":55,"column":18},"end":{"line":59,"column":5}},"32":{"start":{"line":57,"column":6},"end":{"line":57,"column":48}},"33":{"start":{"line":57,"column":31},"end":{"line":57,"column":48}},"34":{"start":{"line":58,"column":6},"end":{"line":58,"column":19}},"35":{"start":{"line":60,"column":4},"end":{"line":60,"column":23}},"36":{"start":{"line":61,"column":4},"end":{"line":61,"column":17}},"37":{"start":{"line":64,"column":19},"end":{"line":73,"column":5}},"38":{"start":{"line":65,"column":14},"end":{"line":65,"column":52}},"39":{"start":{"line":66,"column":6},"end":{"line":66,"column":31}},"40":{"start":{"line":68,"column":6},"end":{"line":71,"column":25}},"41":{"start":{"line":71,"column":8},"end":{"line":71,"column":25}},"42":{"start":{"line":72,"column":6},"end":{"line":72,"column":19}},"43":{"start":{"line":74,"column":4},"end":{"line":74,"column":25}},"44":{"start":{"line":75,"column":4},"end":{"line":75,"column":18}},"45":{"start":{"line":78,"column":21},"end":{"line":83,"column":5}},"46":{"start":{"line":80,"column":6},"end":{"line":81,"column":25}},"47":{"start":{"line":81,"column":8},"end":{"line":81,"column":25}},"48":{"start":{"line":82,"column":6},"end":{"line":82,"column":19}},"49":{"start":{"line":84,"column":4},"end":{"line":84,"column":29}},"50":{"start":{"line":85,"column":4},"end":{"line":85,"column":20}},"51":{"start":{"line":88,"column":24},"end":{"line":93,"column":5}},"52":{"start":{"line":90,"column":6},"end":{"line":91,"column":25}},"53":{"start":{"line":91,"column":8},"end":{"line":91,"column":25}},"54":{"start":{"line":92,"column":6},"end":{"line":92,"column":19}},"55":{"start":{"line":94,"column":4},"end":{"line":94,"column":35}},"56":{"start":{"line":95,"column":4},"end":{"line":95,"column":23}},"57":{"start":{"line":99,"column":16},"end":{"line":102,"column":1}},"58":{"start":{"line":101,"column":2},"end":{"line":101,"column":13}},"59":{"start":{"line":103,"column":0},"end":{"line":103,"column":25}},"60":{"start":{"line":105,"column":15},"end":{"line":108,"column":1}},"61":{"start":{"line":107,"column":2},"end":{"line":107,"column":14}},"62":{"start":{"line":109,"column":0},"end":{"line":109,"column":23}},"63":{"start":{"line":111,"column":30},"end":{"line":146,"column":1}},"64":{"start":{"line":112,"column":17},"end":{"line":144,"column":3}},"65":{"start":{"line":114,"column":28},"end":{"line":133,"column":7}},"66":{"start":{"line":116,"column":32},"end":{"line":122,"column":11}},"67":{"start":{"line":119,"column":14},"end":{"line":119,"column":66}},"68":{"start":{"line":124,"column":29},"end":{"line":128,"column":11}},"69":{"start":{"line":126,"column":12},"end":{"line":126,"column":60}},"70":{"start":{"line":126,"column":36},"end":{"line":126,"column":60}},"71":{"start":{"line":127,"column":12},"end":{"line":127,"column":25}},"72":{"start":{"line":129,"column":10},"end":{"line":129,"column":39}},"73":{"start":{"line":130,"column":10},"end":{"line":130,"column":28}},"74":{"start":{"line":135,"column":23},"end":{"line":139,"column":7}},"75":{"start":{"line":137,"column":8},"end":{"line":137,"column":44}},"76":{"start":{"line":137,"column":32},"end":{"line":137,"column":44}},"77":{"start":{"line":138,"column":8},"end":{"line":138,"column":32}},"78":{"start":{"line":140,"column":6},"end":{"line":140,"column":31}},"79":{"start":{"line":141,"column":6},"end":{"line":141,"column":22}},"80":{"start":{"line":145,"column":2},"end":{"line":145,"column":16}}},"fnMap":{"0":{"name":"(anonymous_0)","decl":{"start":{"line":9,"column":11},"end":{"line":9,"column":12}},"loc":{"start":{"line":9,"column":34},"end":{"line":17,"column":3}},"line":9},"1":{"name":"(anonymous_1)","decl":{"start":{"line":10,"column":17},"end":{"line":10,"column":18}},"loc":{"start":{"line":10,"column":31},"end":{"line":14,"column":5}},"line":10},"2":{"name":"(anonymous_2)","decl":{"start":{"line":18,"column":11},"end":{"line":18,"column":12}},"loc":{"start":{"line":18,"column":34},"end":{"line":26,"column":3}},"line":18},"3":{"name":"(anonymous_3)","decl":{"start":{"line":19,"column":17},"end":{"line":19,"column":18}},"loc":{"start":{"line":19,"column":31},"end":{"line":23,"column":5}},"line":19},"4":{"name":"(anonymous_4)","decl":{"start":{"line":27,"column":13},"end":{"line":27,"column":14}},"loc":{"start":{"line":27,"column":36},"end":{"line":35,"column":3}},"line":27},"5":{"name":"(anonymous_5)","decl":{"start":{"line":28,"column":19},"end":{"line":28,"column":20}},"loc":{"start":{"line":28,"column":33},"end":{"line":32,"column":5}},"line":28},"6":{"name":"(anonymous_6)","decl":{"start":{"line":36,"column":11},"end":{"line":36,"column":12}},"loc":{"start":{"line":36,"column":34},"end":{"line":44,"column":3}},"line":36},"7":{"name":"(anonymous_7)","decl":{"start":{"line":37,"column":17},"end":{"line":37,"column":18}},"loc":{"start":{"line":37,"column":31},"end":{"line":41,"column":5}},"line":37},"8":{"name":"(anonymous_8)","decl":{"start":{"line":45,"column":13},"end":{"line":45,"column":14}},"loc":{"start":{"line":45,"column":36},"end":{"line":53,"column":3}},"line":45},"9":{"name":"(anonymous_9)","decl":{"start":{"line":46,"column":19},"end":{"line":46,"column":20}},"loc":{"start":{"line":46,"column":33},"end":{"line":50,"column":5}},"line":46},"10":{"name":"(anonymous_10)","decl":{"start":{"line":54,"column":12},"end":{"line":54,"column":13}},"loc":{"start":{"line":54,"column":35},"end":{"line":62,"column":3}},"line":54},"11":{"name":"(anonymous_11)","decl":{"start":{"line":55,"column":18},"end":{"line":55,"column":19}},"loc":{"start":{"line":55,"column":32},"end":{"line":59,"column":5}},"line":55},"12":{"name":"(anonymous_12)","decl":{"start":{"line":63,"column":13},"end":{"line":63,"column":14}},"loc":{"start":{"line":63,"column":36},"end":{"line":76,"column":3}},"line":63},"13":{"name":"(anonymous_13)","decl":{"start":{"line":64,"column":19},"end":{"line":64,"column":20}},"loc":{"start":{"line":64,"column":33},"end":{"line":73,"column":5}},"line":64},"14":{"name":"(anonymous_14)","decl":{"start":{"line":77,"column":15},"end":{"line":77,"column":16}},"loc":{"start":{"line":77,"column":38},"end":{"line":86,"column":3}},"line":77},"15":{"name":"(anonymous_15)","decl":{"start":{"line":78,"column":21},"end":{"line":78,"column":22}},"loc":{"start":{"line":78,"column":35},"end":{"line":83,"column":5}},"line":78},"16":{"name":"(anonymous_16)","decl":{"start":{"line":87,"column":18},"end":{"line":87,"column":19}},"loc":{"start":{"line":87,"column":41},"end":{"line":96,"column":3}},"line":87},"17":{"name":"(anonymous_17)","decl":{"start":{"line":88,"column":24},"end":{"line":88,"column":25}},"loc":{"start":{"line":88,"column":38},"end":{"line":93,"column":5}},"line":88},"18":{"name":"(anonymous_18)","decl":{"start":{"line":99,"column":16},"end":{"line":99,"column":17}},"loc":{"start":{"line":99,"column":30},"end":{"line":102,"column":1}},"line":99},"19":{"name":"(anonymous_19)","decl":{"start":{"line":105,"column":15},"end":{"line":105,"column":16}},"loc":{"start":{"line":105,"column":29},"end":{"line":108,"column":1}},"line":105},"20":{"name":"(anonymous_20)","decl":{"start":{"line":111,"column":30},"end":{"line":111,"column":31}},"loc":{"start":{"line":111,"column":56},"end":{"line":146,"column":1}},"line":111},"21":{"name":"(anonymous_21)","decl":{"start":{"line":113,"column":4},"end":{"line":113,"column":5}},"loc":{"start":{"line":113,"column":50},"end":{"line":142,"column":5}},"line":113},"22":{"name":"(anonymous_22)","decl":{"start":{"line":115,"column":8},"end":{"line":115,"column":9}},"loc":{"start":{"line":115,"column":45},"end":{"line":131,"column":9}},"line":115},"23":{"name":"(anonymous_23)","decl":{"start":{"line":117,"column":12},"end":{"line":117,"column":13}},"loc":{"start":{"line":117,"column":47},"end":{"line":120,"column":13}},"line":117},"24":{"name":"(anonymous_24)","decl":{"start":{"line":124,"column":29},"end":{"line":124,"column":30}},"loc":{"start":{"line":124,"column":43},"end":{"line":128,"column":11}},"line":124},"25":{"name":"(anonymous_25)","decl":{"start":{"line":135,"column":23},"end":{"line":135,"column":24}},"loc":{"start":{"line":135,"column":37},"end":{"line":139,"column":7}},"line":135}},"branchMap":{"0":{"loc":{"start":{"line":12,"column":6},"end":{"line":12,"column":48}},"type":"if","locations":[{"start":{"line":12,"column":6},"end":{"line":12,"column":48}},{"start":{"line":12,"column":6},"end":{"line":12,"column":48}}],"line":12},"1":{"loc":{"start":{"line":21,"column":6},"end":{"line":21,"column":48}},"type":"if","locations":[{"start":{"line":21,"column":6},"end":{"line":21,"column":48}},{"start":{"line":21,"column":6},"end":{"line":21,"column":48}}],"line":21},"2":{"loc":{"start":{"line":30,"column":6},"end":{"line":30,"column":49}},"type":"if","locations":[{"start":{"line":30,"column":6},"end":{"line":30,"column":49}},{"start":{"line":30,"column":6},"end":{"line":30,"column":49}}],"line":30},"3":{"loc":{"start":{"line":39,"column":6},"end":{"line":39,"column":48}},"type":"if","locations":[{"start":{"line":39,"column":6},"end":{"line":39,"column":48}},{"start":{"line":39,"column":6},"end":{"line":39,"column":48}}],"line":39},"4":{"loc":{"start":{"line":48,"column":6},"end":{"line":48,"column":49}},"type":"if","locations":[{"start":{"line":48,"column":6},"end":{"line":48,"column":49}},{"start":{"line":48,"column":6},"end":{"line":48,"column":49}}],"line":48},"5":{"loc":{"start":{"line":57,"column":6},"end":{"line":57,"column":48}},"type":"if","locations":[{"start":{"line":57,"column":6},"end":{"line":57,"column":48}},{"start":{"line":57,"column":6},"end":{"line":57,"column":48}}],"line":57},"6":{"loc":{"start":{"line":65,"column":15},"end":{"line":65,"column":26}},"type":"binary-expr","locations":[{"start":{"line":65,"column":15},"end":{"line":65,"column":20}},{"start":{"line":65,"column":24},"end":{"line":65,"column":26}}],"line":65},"7":{"loc":{"start":{"line":68,"column":6},"end":{"line":71,"column":25}},"type":"if","locations":[{"start":{"line":68,"column":6},"end":{"line":71,"column":25}},{"start":{"line":68,"column":6},"end":{"line":71,"column":25}}],"line":68},"8":{"loc":{"start":{"line":80,"column":6},"end":{"line":81,"column":25}},"type":"if","locations":[{"start":{"line":80,"column":6},"end":{"line":81,"column":25}},{"start":{"line":80,"column":6},"end":{"line":81,"column":25}}],"line":80},"9":{"loc":{"start":{"line":90,"column":6},"end":{"line":91,"column":25}},"type":"if","locations":[{"start":{"line":90,"column":6},"end":{"line":91,"column":25}},{"start":{"line":90,"column":6},"end":{"line":91,"column":25}}],"line":90},"10":{"loc":{"start":{"line":126,"column":12},"end":{"line":126,"column":60}},"type":"if","locations":[{"start":{"line":126,"column":12},"end":{"line":126,"column":60}},{"start":{"line":126,"column":12},"end":{"line":126,"column":60}}],"line":126},"11":{"loc":{"start":{"line":137,"column":8},"end":{"line":137,"column":44}},"type":"if","locations":[{"start":{"line":137,"column":8},"end":{"line":137,"column":44}},{"start":{"line":137,"column":8},"end":{"line":137,"column":44}}],"line":137}},"s":{"0":4,"1":5,"2":2,"3":2,"4":0,"5":5,"6":5,"7":2,"8":1,"9":1,"10":0,"11":2,"12":2,"13":0,"14":0,"15":0,"16":0,"17":0,"18":0,"19":2,"20":1,"21":1,"22":0,"23":2,"24":2,"25":0,"26":0,"27":0,"28":0,"29":0,"30":0,"31":2,"32":1,"33":1,"34":0,"35":2,"36":2,"37":2,"38":2,"39":2,"40":2,"41":1,"42":1,"43":2,"44":2,"45":2,"46":1,"47":1,"48":0,"49":2,"50":2,"51":2,"52":1,"53":1,"54":0,"55":2,"56":2,"57":4,"58":9,"59":4,"60":4,"61":1,"62":4,"63":4,"64":5,"65":5,"66":15,"67":17,"68":15,"69":8,"70":7,"71":1,"72":15,"73":15,"74":5,"75":3,"76":2,"77":1,"78":5,"79":5,"80":5},"f":{"0":5,"1":2,"2":2,"3":1,"4":0,"5":0,"6":2,"7":1,"8":0,"9":0,"10":2,"11":1,"12":2,"13":2,"14":2,"15":1,"16":2,"17":1,"18":9,"19":1,"20":5,"21":5,"22":15,"23":17,"24":8,"25":3},"b":{"0":[2,0],"1":[1,0],"2":[0,0],"3":[1,0],"4":[0,0],"5":[1,0],"6":[2,0],"7":[1,1],"8":[1,0],"9":[1,0],"10":[7,1],"11":[2,1]},"_coverageSchema":"1a1c01bbd47fc00a2c39e90264f33305004495a9","hash":"9e642c9894132092349dae6eafdd3b9f550441e1"}
,"/Users/malphonce/Projects/react-native-lite-orm/src/core/builders/query-builder/create.ts": {"path":"/Users/malphonce/Projects/react-native-lite-orm/src/core/builders/query-builder/create.ts","statementMap":{"0":{"start":{"line":4,"column":15},"end":{"line":4,"column":31}},"1":{"start":{"line":5,"column":18},"end":{"line":5,"column":33}},"2":{"start":{"line":6,"column":17},"end":{"line":6,"column":47}},"3":{"start":{"line":6,"column":32},"end":{"line":6,"column":35}},"4":{"start":{"line":8,"column":2},"end":{"line":8,"column":69}},"5":{"start":{"line":12,"column":2},"end":{"line":12,"column":81}}},"fnMap":{"0":{"name":"insert","decl":{"start":{"line":3,"column":16},"end":{"line":3,"column":22}},"loc":{"start":{"line":3,"column":52},"end":{"line":9,"column":1}},"line":3},"1":{"name":"(anonymous_1)","decl":{"start":{"line":6,"column":26},"end":{"line":6,"column":27}},"loc":{"start":{"line":6,"column":32},"end":{"line":6,"column":35}},"line":6},"2":{"name":"insertOrReplace","decl":{"start":{"line":11,"column":16},"end":{"line":11,"column":31}},"loc":{"start":{"line":11,"column":61},"end":{"line":13,"column":1}},"line":11}},"branchMap":{},"s":{"0":14,"1":14,"2":14,"3":38,"4":14,"5":14},"f":{"0":14,"1":38,"2":14},"b":{},"_coverageSchema":"1a1c01bbd47fc00a2c39e90264f33305004495a9","hash":"550fc7630beaa52d34f721faaba6d067a287e454"}
,"/Users/malphonce/Projects/react-native-lite-orm/src/core/builders/query-builder/destroy.ts": {"path":"/Users/malphonce/Projects/react-native-lite-orm/src/core/builders/query-builder/destroy.ts","statementMap":{"0":{"start":{"line":2,"column":4},"end":{"line":2,"column":51}},"1":{"start":{"line":6,"column":4},"end":{"line":6,"column":38}}},"fnMap":{"0":{"name":"destroy","decl":{"start":{"line":1,"column":16},"end":{"line":1,"column":23}},"loc":{"start":{"line":1,"column":43},"end":{"line":3,"column":1}},"line":1},"1":{"name":"destroyAll","decl":{"start":{"line":5,"column":16},"end":{"line":5,"column":26}},"loc":{"start":{"line":5,"column":46},"end":{"line":7,"column":1}},"line":5}},"branchMap":{},"s":{"0":2,"1":1},"f":{"0":2,"1":1},"b":{},"_coverageSchema":"1a1c01bbd47fc00a2c39e90264f33305004495a9","hash":"832794a25b5265d90526b2230075db8e99472e83"}
,"/Users/malphonce/Projects/react-native-lite-orm/src/core/builders/query-builder/index.ts": {"path":"/Users/malphonce/Projects/react-native-lite-orm/src/core/builders/query-builder/index.ts","statementMap":{},"fnMap":{},"branchMap":{},"s":{},"f":{},"b":{},"_coverageSchema":"1a1c01bbd47fc00a2c39e90264f33305004495a9","hash":"c2574f0152c28a2ec6a93e0dae06fd1b82987e23"}
,"/Users/malphonce/Projects/react-native-lite-orm/src/core/builders/query-builder/read.ts": {"path":"/Users/malphonce/Projects/react-native-lite-orm/src/core/builders/query-builder/read.ts","statementMap":{"0":{"start":{"line":3,"column":37},"end":{"line":6,"column":1}},"1":{"start":{"line":10,"column":49},"end":{"line":13,"column":3}},"2":{"start":{"line":15,"column":25},"end":{"line":15,"column":55}},"3":{"start":{"line":16,"column":17},"end":{"line":22,"column":3}},"4":{"start":{"line":23,"column":2},"end":{"line":25,"column":3}},"5":{"start":{"line":24,"column":4},"end":{"line":24,"column":51}},"6":{"start":{"line":26,"column":2},"end":{"line":28,"column":3}},"7":{"start":{"line":27,"column":4},"end":{"line":27,"column":51}},"8":{"start":{"line":29,"column":2},"end":{"line":30,"column":66}},"9":{"start":{"line":30,"column":4},"end":{"line":30,"column":66}},"10":{"start":{"line":32,"column":2},"end":{"line":32,"column":52}},"11":{"start":{"line":32,"column":32},"end":{"line":32,"column":40}},"12":{"start":{"line":37,"column":14},"end":{"line":42,"column":4}},"13":{"start":{"line":38,"column":17},"end":{"line":40,"column":5}},"14":{"start":{"line":39,"column":6},"end":{"line":39,"column":34}},"15":{"start":{"line":41,"column":4},"end":{"line":41,"column":65}},"16":{"start":{"line":43,"column":2},"end":{"line":43,"column":59}},"17":{"start":{"line":51,"column":2},"end":{"line":56,"column":19}},"18":{"start":{"line":53,"column":24},"end":{"line":53,"column":37}},"19":{"start":{"line":54,"column":6},"end":{"line":54,"column":91}}},"fnMap":{"0":{"name":"query","decl":{"start":{"line":9,"column":16},"end":{"line":9,"column":21}},"loc":{"start":{"line":9,"column":93},"end":{"line":33,"column":1}},"line":9},"1":{"name":"(anonymous_1)","decl":{"start":{"line":32,"column":25},"end":{"line":32,"column":26}},"loc":{"start":{"line":32,"column":32},"end":{"line":32,"column":40}},"line":32},"2":{"name":"queryWhere","decl":{"start":{"line":36,"column":16},"end":{"line":36,"column":26}},"loc":{"start":{"line":36,"column":51},"end":{"line":44,"column":1}},"line":36},"3":{"name":"(anonymous_3)","decl":{"start":{"line":37,"column":26},"end":{"line":37,"column":27}},"loc":{"start":{"line":37,"column":37},"end":{"line":42,"column":3}},"line":37},"4":{"name":"(anonymous_4)","decl":{"start":{"line":38,"column":43},"end":{"line":38,"column":44}},"loc":{"start":{"line":39,"column":6},"end":{"line":39,"column":34}},"line":39},"5":{"name":"propertyOperation","decl":{"start":{"line":47,"column":16},"end":{"line":47,"column":33}},"loc":{"start":{"line":50,"column":2},"end":{"line":57,"column":1}},"line":50},"6":{"name":"(anonymous_6)","decl":{"start":{"line":52,"column":9},"end":{"line":52,"column":10}},"loc":{"start":{"line":52,"column":17},"end":{"line":55,"column":5}},"line":52}},"branchMap":{"0":{"loc":{"start":{"line":9,"column":62},"end":{"line":9,"column":91}},"type":"default-arg","locations":[{"start":{"line":9,"column":89},"end":{"line":9,"column":91}}],"line":9},"1":{"loc":{"start":{"line":15,"column":25},"end":{"line":15,"column":55}},"type":"cond-expr","locations":[{"start":{"line":15,"column":33},"end":{"line":15,"column":50}},{"start":{"line":15,"column":53},"end":{"line":15,"column":55}}],"line":15},"2":{"loc":{"start":{"line":18,"column":4},"end":{"line":18,"column":46}},"type":"cond-expr","locations":[{"start":{"line":18,"column":22},"end":{"line":18,"column":25}},{"start":{"line":18,"column":28},"end":{"line":18,"column":46}}],"line":18},"3":{"loc":{"start":{"line":23,"column":2},"end":{"line":25,"column":3}},"type":"if","locations":[{"start":{"line":23,"column":2},"end":{"line":25,"column":3}},{"start":{"line":23,"column":2},"end":{"line":25,"column":3}}],"line":23},"4":{"loc":{"start":{"line":23,"column":6},"end":{"line":23,"column":27}},"type":"binary-expr","locations":[{"start":{"line":23,"column":6},"end":{"line":23,"column":11}},{"start":{"line":23,"column":15},"end":{"line":23,"column":27}}],"line":23},"5":{"loc":{"start":{"line":26,"column":2},"end":{"line":28,"column":3}},"type":"if","locations":[{"start":{"line":26,"column":2},"end":{"line":28,"column":3}},{"start":{"line":26,"column":2},"end":{"line":28,"column":3}}],"line":26},"6":{"loc":{"start":{"line":29,"column":2},"end":{"line":30,"column":66}},"type":"if","locations":[{"start":{"line":29,"column":2},"end":{"line":30,"column":66}},{"start":{"line":29,"column":2},"end":{"line":30,"column":66}}],"line":29},"7":{"loc":{"start":{"line":29,"column":6},"end":{"line":29,"column":19}},"type":"binary-expr","locations":[{"start":{"line":29,"column":6},"end":{"line":29,"column":11}},{"start":{"line":29,"column":15},"end":{"line":29,"column":19}}],"line":29},"8":{"loc":{"start":{"line":41,"column":11},"end":{"line":41,"column":64}},"type":"cond-expr","locations":[{"start":{"line":41,"column":29},"end":{"line":41,"column":59}},{"start":{"line":41,"column":62},"end":{"line":41,"column":64}}],"line":41},"9":{"loc":{"start":{"line":43,"column":9},"end":{"line":43,"column":58}},"type":"cond-expr","locations":[{"start":{"line":43,"column":26},"end":{"line":43,"column":53}},{"start":{"line":43,"column":56},"end":{"line":43,"column":58}}],"line":43},"10":{"loc":{"start":{"line":54,"column":36},"end":{"line":54,"column":88}},"type":"cond-expr","locations":[{"start":{"line":54,"column":80},"end":{"line":54,"column":82}},{"start":{"line":54,"column":85},"end":{"line":54,"column":88}}],"line":54},"11":{"loc":{"start":{"line":54,"column":37},"end":{"line":54,"column":76}},"type":"binary-expr","locations":[{"start":{"line":54,"column":37},"end":{"line":54,"column":56}},{"start":{"line":54,"column":60},"end":{"line":54,"column":76}}],"line":54}},"s":{"0":4,"1":14,"2":14,"3":14,"4":14,"5":2,"6":14,"7":1,"8":14,"9":1,"10":14,"11":78,"12":14,"13":12,"14":27,"15":12,"16":14,"17":27,"18":31,"19":31},"f":{"0":14,"1":78,"2":14,"3":12,"4":27,"5":27,"6":31},"b":{"0":[0],"1":[14,0],"2":[9,5],"3":[2,12],"4":[14,2],"5":[1,13],"6":[1,13],"7":[14,1],"8":[12,0],"9":[11,3],"10":[7,24],"11":[31,28]},"_coverageSchema":"1a1c01bbd47fc00a2c39e90264f33305004495a9","hash":"3ec343742c1bc12e604b63dd248a5f6f0c7eff9b"}
,"/Users/malphonce/Projects/react-native-lite-orm/src/core/builders/query-builder/schema.ts": {"path":"/Users/malphonce/Projects/react-native-lite-orm/src/core/builders/query-builder/schema.ts","statementMap":{"0":{"start":{"line":3,"column":27},"end":{"line":3,"column":43}},"1":{"start":{"line":9,"column":4},"end":{"line":21,"column":19}},"2":{"start":{"line":11,"column":26},"end":{"line":11,"column":48}},"3":{"start":{"line":12,"column":12},"end":{"line":18,"column":13}},"4":{"start":{"line":13,"column":16},"end":{"line":13,"column":64}},"5":{"start":{"line":15,"column":16},"end":{"line":15,"column":56}},"6":{"start":{"line":15,"column":36},"end":{"line":15,"column":56}},"7":{"start":{"line":16,"column":16},"end":{"line":16,"column":60}},"8":{"start":{"line":16,"column":38},"end":{"line":16,"column":60}},"9":{"start":{"line":17,"column":16},"end":{"line":17,"column":138}},"10":{"start":{"line":17,"column":60},"end":{"line":17,"column":138}},"11":{"start":{"line":19,"column":12},"end":{"line":19,"column":34}},"12":{"start":{"line":26,"column":25},"end":{"line":26,"column":53}},"13":{"start":{"line":27,"column":4},"end":{"line":27,"column":71}},"14":{"start":{"line":32,"column":4},"end":{"line":32,"column":47}},"15":{"start":{"line":36,"column":4},"end":{"line":36,"column":87}}},"fnMap":{"0":{"name":"_createTableColumns","decl":{"start":{"line":8,"column":16},"end":{"line":8,"column":35}},"loc":{"start":{"line":8,"column":76},"end":{"line":22,"column":1}},"line":8},"1":{"name":"(anonymous_1)","decl":{"start":{"line":10,"column":13},"end":{"line":10,"column":14}},"loc":{"start":{"line":10,"column":36},"end":{"line":20,"column":9}},"line":10},"2":{"name":"createTable","decl":{"start":{"line":25,"column":16},"end":{"line":25,"column":27}},"loc":{"start":{"line":25,"column":87},"end":{"line":28,"column":1}},"line":25},"3":{"name":"dropTable","decl":{"start":{"line":31,"column":16},"end":{"line":31,"column":25}},"loc":{"start":{"line":31,"column":45},"end":{"line":33,"column":1}},"line":31},"4":{"name":"tableExists","decl":{"start":{"line":35,"column":16},"end":{"line":35,"column":27}},"loc":{"start":{"line":35,"column":47},"end":{"line":37,"column":1}},"line":35}},"branchMap":{"0":{"loc":{"start":{"line":12,"column":12},"end":{"line":18,"column":13}},"type":"if","locations":[{"start":{"line":12,"column":12},"end":{"line":18,"column":13}},{"start":{"line":12,"column":12},"end":{"line":18,"column":13}}],"line":12},"1":{"loc":{"start":{"line":15,"column":16},"end":{"line":15,"column":56}},"type":"if","locations":[{"start":{"line":15,"column":16},"end":{"line":15,"column":56}},{"start":{"line":15,"column":16},"end":{"line":15,"column":56}}],"line":15},"2":{"loc":{"start":{"line":16,"column":16},"end":{"line":16,"column":60}},"type":"if","locations":[{"start":{"line":16,"column":16},"end":{"line":16,"column":60}},{"start":{"line":16,"column":16},"end":{"line":16,"column":60}}],"line":16},"3":{"loc":{"start":{"line":17,"column":16},"end":{"line":17,"column":138}},"type":"if","locations":[{"start":{"line":17,"column":16},"end":{"line":17,"column":138}},{"start":{"line":17,"column":16},"end":{"line":17,"column":138}}],"line":17},"4":{"loc":{"start":{"line":17,"column":82},"end":{"line":17,"column":135}},"type":"cond-expr","locations":[{"start":{"line":17,"column":100},"end":{"line":17,"column":126}},{"start":{"line":17,"column":129},"end":{"line":17,"column":135}}],"line":17}},"s":{"0":4,"1":0,"2":0,"3":0,"4":0,"5":0,"6":0,"7":0,"8":0,"9":0,"10":0,"11":0,"12":0,"13":0,"14":0,"15":0},"f":{"0":0,"1":0,"2":0,"3":0,"4":0},"b":{"0":[0,0],"1":[0,0],"2":[0,0],"3":[0,0],"4":[0,0]},"_coverageSchema":"1a1c01bbd47fc00a2c39e90264f33305004495a9","hash":"1e843ccf4f8a82f7f28ac53b63e1c238ce2632ea"}
,"/Users/malphonce/Projects/react-native-lite-orm/src/core/builders/query-builder/update.ts": {"path":"/Users/malphonce/Projects/react-native-lite-orm/src/core/builders/query-builder/update.ts","statementMap":{"0":{"start":{"line":4,"column":29},"end":{"line":4,"column":32}},"1":{"start":{"line":5,"column":19},"end":{"line":7,"column":19}},"2":{"start":{"line":6,"column":18},"end":{"line":6,"column":28}},"3":{"start":{"line":9,"column":4},"end":{"line":9,"column":60}}},"fnMap":{"0":{"name":"update","decl":{"start":{"line":3,"column":16},"end":{"line":3,"column":22}},"loc":{"start":{"line":3,"column":61},"end":{"line":10,"column":1}},"line":3},"1":{"name":"(anonymous_1)","decl":{"start":{"line":6,"column":13},"end":{"line":6,"column":14}},"loc":{"start":{"line":6,"column":18},"end":{"line":6,"column":28}},"line":6}},"branchMap":{},"s":{"0":8,"1":8,"2":8,"3":8},"f":{"0":8,"1":8},"b":{},"_coverageSchema":"1a1c01bbd47fc00a2c39e90264f33305004495a9","hash":"207b7550c07a51e633232226b621921bb44d14c8"}
,"/Users/malphonce/Projects/react-native-lite-orm/src/hooks/useDbAction.ts": {"path":"/Users/malphonce/Projects/react-native-lite-orm/src/hooks/useDbAction.ts","statementMap":{"0":{"start":{"line":8,"column":4},"end":{"line":8,"column":56}}},"fnMap":{"0":{"name":"useDbAction","decl":{"start":{"line":7,"column":16},"end":{"line":7,"column":27}},"loc":{"start":{"line":7,"column":94},"end":{"line":9,"column":1}},"line":7}},"branchMap":{},"s":{"0":1},"f":{"0":1},"b":{},"_coverageSchema":"1a1c01bbd47fc00a2c39e90264f33305004495a9","hash":"569a6e11222d89d2b5a22443bb6fe59f4217f0c8"}
,"/Users/malphonce/Projects/react-native-lite-orm/src/hooks/useDbContext.ts": {"path":"/Users/malphonce/Projects/react-native-lite-orm/src/hooks/useDbContext.ts","statementMap":{"0":{"start":{"line":7,"column":4},"end":{"line":7,"column":57}}},"fnMap":{"0":{"name":"useDbContext","decl":{"start":{"line":6,"column":16},"end":{"line":6,"column":28}},"loc":{"start":{"line":6,"column":42},"end":{"line":8,"column":1}},"line":6}},"branchMap":{},"s":{"0":2},"f":{"0":2},"b":{},"_coverageSchema":"1a1c01bbd47fc00a2c39e90264f33305004495a9","hash":"e961843658435368c245b47d1c02a8e63ae7632a"}
,"/Users/malphonce/Projects/react-native-lite-orm/src/hooks/useDbQuery.ts": {"path":"/Users/malphonce/Projects/react-native-lite-orm/src/hooks/useDbQuery.ts","statementMap":{"0":{"start":{"line":11,"column":28},"end":{"line":11,"column":55}},"1":{"start":{"line":11,"column":46},"end":{"line":11,"column":51}},"2":{"start":{"line":12,"column":24},"end":{"line":12,"column":39}},"3":{"start":{"line":13,"column":22},"end":{"line":13,"column":36}},"4":{"start":{"line":15,"column":21},"end":{"line":20,"column":28}},"5":{"start":{"line":16,"column":8},"end":{"line":17,"column":19}},"6":{"start":{"line":17,"column":12},"end":{"line":17,"column":19}},"7":{"start":{"line":18,"column":8},"end":{"line":18,"column":37}},"8":{"start":{"line":19,"column":8},"end":{"line":19,"column":22}},"9":{"start":{"line":22,"column":4},"end":{"line":28,"column":29}},"10":{"start":{"line":23,"column":24},"end":{"line":23,"column":72}},"11":{"start":{"line":24,"column":8},"end":{"line":24,"column":36}},"12":{"start":{"line":25,"column":8},"end":{"line":27,"column":9}},"13":{"start":{"line":26,"column":12},"end":{"line":26,"column":34}},"14":{"start":{"line":30,"column":4},"end":{"line":30,"column":31}}},"fnMap":{"0":{"name":"useDbQuery","decl":{"start":{"line":6,"column":16},"end":{"line":6,"column":26}},"loc":{"start":{"line":10,"column":7},"end":{"line":31,"column":1}},"line":10},"1":{"name":"(anonymous_1)","decl":{"start":{"line":8,"column":34},"end":{"line":8,"column":35}},"loc":{"start":{"line":8,"column":40},"end":{"line":8,"column":43}},"line":8},"2":{"name":"(anonymous_2)","decl":{"start":{"line":11,"column":39},"end":{"line":11,"column":40}},"loc":{"start":{"line":11,"column":46},"end":{"line":11,"column":51}},"line":11},"3":{"name":"(anonymous_3)","decl":{"start":{"line":15,"column":33},"end":{"line":15,"column":34}},"loc":{"start":{"line":15,"column":50},"end":{"line":20,"column":5}},"line":15},"4":{"name":"(anonymous_4)","decl":{"start":{"line":22,"column":20},"end":{"line":22,"column":21}},"loc":{"start":{"line":22,"column":26},"end":{"line":28,"column":5}},"line":22},"5":{"name":"(anonymous_5)","decl":{"start":{"line":25,"column":15},"end":{"line":25,"column":16}},"loc":{"start":{"line":25,"column":21},"end":{"line":27,"column":9}},"line":25}},"branchMap":{"0":{"loc":{"start":{"line":8,"column":4},"end":{"line":8,"column":43}},"type":"default-arg","locations":[{"start":{"line":8,"column":34},"end":{"line":8,"column":43}}],"line":8},"1":{"loc":{"start":{"line":9,"column":4},"end":{"line":9,"column":35}},"type":"default-arg","locations":[{"start":{"line":9,"column":33},"end":{"line":9,"column":35}}],"line":9},"2":{"loc":{"start":{"line":16,"column":8},"end":{"line":17,"column":19}},"type":"if","locations":[{"start":{"line":16,"column":8},"end":{"line":17,"column":19}},{"start":{"line":16,"column":8},"end":{"line":17,"column":19}}],"line":16}},"s":{"0":1,"1":0,"2":1,"3":1,"4":1,"5":0,"6":0,"7":0,"8":0,"9":1,"10":1,"11":1,"12":1,"13":1,"14":1},"f":{"0":1,"1":0,"2":0,"3":0,"4":1,"5":1},"b":{"0":[1],"1":[1],"2":[0,0]},"_coverageSchema":"1a1c01bbd47fc00a2c39e90264f33305004495a9","hash":"761f84dd3b733b8d9432b354a67237e1c1fdfd6f"}
,"/Users/malphonce/Projects/react-native-lite-orm/src/migrator/update-database.ts": {"path":"/Users/malphonce/Projects/react-native-lite-orm/src/migrator/update-database.ts","statementMap":{"0":{"start":{"line":10,"column":33},"end":{"line":10,"column":73}},"1":{"start":{"line":11,"column":14},"end":{"line":11,"column":15}},"2":{"start":{"line":12,"column":4},"end":{"line":29,"column":5}},"3":{"start":{"line":13,"column":27},"end":{"line":13,"column":89}},"4":{"start":{"line":14,"column":8},"end":{"line":18,"column":9}},"5":{"start":{"line":15,"column":12},"end":{"line":16,"column":215}},"6":{"start":{"line":16,"column":16},"end":{"line":16,"column":215}},"7":{"start":{"line":16,"column":125},"end":{"line":16,"column":134}},"8":{"start":{"line":16,"column":203},"end":{"line":16,"column":209}},"9":{"start":{"line":17,"column":12},"end":{"line":17,"column":18}},"10":{"start":{"line":21,"column":8},"end":{"line":28,"column":11}},"11":{"start":{"line":31,"column":27},"end":{"line":31,"column":56}},"12":{"start":{"line":32,"column":4},"end":{"line":40,"column":5}},"13":{"start":{"line":33,"column":26},"end":{"line":33,"column":45}},"14":{"start":{"line":34,"column":8},"end":{"line":34,"column":35}},"15":{"start":{"line":35,"column":8},"end":{"line":38,"column":11}},"16":{"start":{"line":39,"column":8},"end":{"line":39,"column":14}}},"fnMap":{"0":{"name":"updateDatabase","decl":{"start":{"line":9,"column":22},"end":{"line":9,"column":36}},"loc":{"start":{"line":9,"column":84},"end":{"line":41,"column":1}},"line":9},"1":{"name":"(anonymous_1)","decl":{"start":{"line":16,"column":120},"end":{"line":16,"column":121}},"loc":{"start":{"line":16,"column":125},"end":{"line":16,"column":134}},"line":16},"2":{"name":"(anonymous_2)","decl":{"start":{"line":16,"column":198},"end":{"line":16,"column":199}},"loc":{"start":{"line":16,"column":203},"end":{"line":16,"column":209}},"line":16}},"branchMap":{"0":{"loc":{"start":{"line":12,"column":4},"end":{"line":29,"column":5}},"type":"if","locations":[{"start":{"line":12,"column":4},"end":{"line":29,"column":5}},{"start":{"line":12,"column":4},"end":{"line":29,"column":5}}],"line":12},"1":{"loc":{"start":{"line":15,"column":12},"end":{"line":16,"column":215}},"type":"if","locations":[{"start":{"line":15,"column":12},"end":{"line":16,"column":215}},{"start":{"line":15,"column":12},"end":{"line":16,"column":215}}],"line":15}},"s":{"0":0,"1":0,"2":0,"3":0,"4":0,"5":0,"6":0,"7":0,"8":0,"9":0,"10":0,"11":0,"12":0,"13":0,"14":0,"15":0,"16":0},"f":{"0":0,"1":0,"2":0},"b":{"0":[0,0],"1":[0,0]},"_coverageSchema":"1a1c01bbd47fc00a2c39e90264f33305004495a9","hash":"85477c43daf4fd950b7a9304adad6eceec172b9c"}
}
