TN:
SF:src/index.ts
FNF:0
FNH:0
LF:0
LH:0
BRF:0
BRH:0
end_of_record
TN:
SF:src/types.ts
FNF:0
FNH:0
DA:34,4
LF:1
LH:1
BRF:0
BRH:0
end_of_record
TN:
SF:src/adapters/adapter.ts
FNF:0
FNH:0
LF:0
LH:0
BRF:0
BRH:0
end_of_record
TN:
SF:src/adapters/expo-adapter.ts
FN:8,(anonymous_0)
FN:12,(anonymous_1)
FN:17,(anonymous_2)
FN:19,(anonymous_3)
FN:25,(anonymous_4)
FN:26,(anonymous_5)
FN:27,(anonymous_6)
FN:31,(anonymous_7)
FN:35,(anonymous_8)
FN:48,(anonymous_9)
FN:50,(anonymous_10)
FN:51,(anonymous_11)
FNF:12
FNH:1
FNDA:4,(anonymous_0)
FNDA:0,(anonymous_1)
FNDA:0,(anonymous_2)
FNDA:0,(anonymous_3)
FNDA:0,(anonymous_4)
FNDA:0,(anonymous_5)
FNDA:0,(anonymous_6)
FNDA:0,(anonymous_7)
FNDA:0,(anonymous_8)
FNDA:0,(anonymous_9)
FNDA:0,(anonymous_10)
FNDA:0,(anonymous_11)
DA:9,4
DA:13,0
DA:14,0
DA:19,0
DA:20,0
DA:21,0
DA:24,0
DA:26,0
DA:27,0
DA:28,0
DA:33,0
DA:36,0
DA:37,0
DA:49,0
DA:50,0
DA:51,0
LF:16
LH:1
BRDA:8,0,0,4
BRDA:13,1,0,0
BRDA:13,1,1,0
BRDA:17,2,0,0
BRDA:20,3,0,0
BRDA:20,3,1,0
BRDA:48,4,0,0
BRF:7
BRH:1
end_of_record
TN:
SF:src/components/context.ts
FNF:0
FNH:0
DA:5,4
DA:7,4
DA:8,4
LF:3
LH:3
BRDA:7,0,0,4
BRDA:7,0,1,0
BRF:2
BRH:1
end_of_record
TN:
SF:src/components/database-provider.tsx
FN:11,DatabaseProvider
FNF:1
FNH:1
FNDA:2,DatabaseProvider
DA:12,2
LF:1
LH:1
BRF:0
BRH:0
end_of_record
TN:
SF:src/core/db-action.ts
FN:10,(anonymous_0)
FN:16,(anonymous_1)
FN:17,(anonymous_2)
FN:25,(anonymous_3)
FN:26,(anonymous_4)
FN:35,(anonymous_5)
FN:37,(anonymous_6)
FN:50,(anonymous_7)
FNF:8
FNH:8
FNDA:12,(anonymous_0)
FNDA:12,(anonymous_1)
FNDA:14,(anonymous_2)
FNDA:6,(anonymous_3)
FNDA:8,(anonymous_4)
FNDA:3,(anonymous_5)
FNDA:2,(anonymous_6)
FNDA:12,(anonymous_7)
DA:11,12
DA:12,12
DA:13,12
DA:17,12
DA:18,14
DA:19,14
DA:20,14
DA:22,12
DA:26,6
DA:27,8
DA:28,8
DA:29,8
DA:30,8
DA:32,6
DA:36,3
DA:37,2
DA:38,2
DA:39,2
DA:40,2
DA:43,1
DA:44,1
DA:45,1
DA:47,3
DA:51,12
LF:24
LH:24
BRDA:36,0,0,2
BRDA:36,0,1,1
BRF:2
BRH:2
end_of_record
TN:
SF:src/core/db-context.ts
FN:24,(anonymous_0)
FN:35,(anonymous_1)
FN:46,(anonymous_2)
FN:52,(anonymous_3)
FNF:4
FNH:3
FNDA:20,(anonymous_0)
FNDA:20,(anonymous_1)
FNDA:0,(anonymous_2)
FNDA:20,(anonymous_3)
DA:13,4
DA:20,20
DA:21,20
DA:25,20
DA:30,20
DA:31,20
DA:36,20
DA:37,20
DA:40,20
DA:41,20
DA:42,20
DA:43,0
DA:44,0
DA:45,0
DA:46,0
DA:48,20
DA:53,20
DA:54,20
DA:55,20
DA:56,20
DA:58,20
LF:21
LH:17
BRDA:27,0,0,20
BRDA:27,0,1,0
BRDA:30,1,0,20
BRDA:30,1,1,0
BRDA:36,2,0,20
BRDA:36,2,1,0
BRDA:40,3,0,20
BRDA:40,3,1,0
BRDA:42,4,0,0
BRDA:42,4,1,20
BRDA:54,5,0,20
BRDA:54,5,1,0
BRF:12
BRH:6
end_of_record
TN:
SF:src/core/db-query.ts
FN:6,(anonymous_0)
FN:10,(anonymous_1)
FN:14,(anonymous_2)
FN:18,(anonymous_3)
FN:24,(anonymous_4)
FN:25,(anonymous_5)
FNF:6
FNH:6
FNDA:12,(anonymous_0)
FNDA:6,(anonymous_1)
FNDA:2,(anonymous_2)
FNDA:14,(anonymous_3)
FNDA:12,(anonymous_4)
FNDA:27,(anonymous_5)
DA:11,6
DA:12,6
DA:15,2
DA:19,14
DA:22,14
DA:23,14
DA:24,11
DA:25,12
DA:26,27
DA:29,12
DA:31,14
DA:32,14
LF:12
LH:12
BRDA:23,0,0,11
BRDA:23,0,1,3
BRDA:23,1,0,14
BRDA:23,1,1,14
BRF:4
BRH:4
end_of_record
TN:
SF:src/core/db-schema.ts
FN:10,(anonymous_0)
FN:15,(anonymous_1)
FN:19,(anonymous_2)
FN:23,(anonymous_3)
FN:28,(anonymous_4)
FN:34,(anonymous_5)
FNF:6
FNH:0
FNDA:0,(anonymous_0)
FNDA:0,(anonymous_1)
FNDA:0,(anonymous_2)
FNDA:0,(anonymous_3)
FNDA:0,(anonymous_4)
FNDA:0,(anonymous_5)
DA:11,0
DA:12,0
DA:16,0
DA:20,0
DA:24,0
DA:25,0
DA:29,0
DA:30,0
DA:31,0
DA:35,0
LF:10
LH:0
BRF:0
BRH:0
end_of_record
TN:
SF:src/core/db-table.ts
FN:8,(anonymous_0)
FN:15,(anonymous_1)
FN:17,(anonymous_2)
FN:19,(anonymous_3)
FN:31,(anonymous_4)
FN:43,(anonymous_5)
FN:47,(anonymous_6)
FN:49,(anonymous_7)
FN:52,(anonymous_8)
FN:60,(anonymous_9)
FNF:10
FNH:9
FNDA:20,(anonymous_0)
FNDA:12,(anonymous_1)
FNDA:133,(anonymous_2)
FNDA:12,(anonymous_3)
FNDA:2,(anonymous_4)
FNDA:12,(anonymous_5)
FNDA:48,(anonymous_6)
FNDA:6,(anonymous_7)
FNDA:0,(anonymous_8)
FNDA:2,(anonymous_9)
DA:10,20
DA:16,12
DA:18,133
DA:19,12
DA:20,12
DA:24,12
DA:25,12
DA:26,3
DA:27,2
DA:30,12
DA:31,12
DA:32,2
DA:33,2
DA:38,121
DA:41,12
DA:44,12
DA:48,48
DA:49,6
DA:50,6
DA:52,0
DA:56,6
DA:57,6
DA:59,42
DA:60,2
DA:61,2
DA:62,2
DA:63,2
DA:67,40
DA:71,12
LF:29
LH:28
BRDA:18,0,0,12
BRDA:18,0,1,121
BRDA:26,1,0,2
BRDA:26,1,1,1
BRDA:48,2,0,6
BRDA:48,2,1,42
BRDA:51,3,0,1
BRDA:51,3,1,5
BRDA:59,4,0,2
BRDA:59,4,1,40
BRF:10
BRH:10
end_of_record
TN:
SF:src/core/index.ts
FNF:0
FNH:0
LF:0
LH:0
BRF:0
BRH:0
end_of_record
TN:
SF:src/core/builders/filter-builder/index.ts
FN:9,(anonymous_0)
FN:10,(anonymous_1)
FN:18,(anonymous_2)
FN:19,(anonymous_3)
FN:27,(anonymous_4)
FN:28,(anonymous_5)
FN:36,(anonymous_6)
FN:37,(anonymous_7)
FN:45,(anonymous_8)
FN:46,(anonymous_9)
FN:54,(anonymous_10)
FN:55,(anonymous_11)
FN:63,(anonymous_12)
FN:64,(anonymous_13)
FN:77,(anonymous_14)
FN:78,(anonymous_15)
FN:87,(anonymous_16)
FN:88,(anonymous_17)
FN:99,(anonymous_18)
FN:105,(anonymous_19)
FN:111,(anonymous_20)
FN:113,(anonymous_21)
FN:115,(anonymous_22)
FN:117,(anonymous_23)
FN:124,(anonymous_24)
FN:135,(anonymous_25)
FNF:26
FNH:22
FNDA:5,(anonymous_0)
FNDA:2,(anonymous_1)
FNDA:2,(anonymous_2)
FNDA:1,(anonymous_3)
FNDA:0,(anonymous_4)
FNDA:0,(anonymous_5)
FNDA:2,(anonymous_6)
FNDA:1,(anonymous_7)
FNDA:0,(anonymous_8)
FNDA:0,(anonymous_9)
FNDA:2,(anonymous_10)
FNDA:1,(anonymous_11)
FNDA:2,(anonymous_12)
FNDA:2,(anonymous_13)
FNDA:2,(anonymous_14)
FNDA:1,(anonymous_15)
FNDA:2,(anonymous_16)
FNDA:1,(anonymous_17)
FNDA:9,(anonymous_18)
FNDA:1,(anonymous_19)
FNDA:5,(anonymous_20)
FNDA:5,(anonymous_21)
FNDA:15,(anonymous_22)
FNDA:17,(anonymous_23)
FNDA:8,(anonymous_24)
FNDA:3,(anonymous_25)
DA:8,4
DA:10,5
DA:12,2
DA:13,0
DA:15,5
DA:16,5
DA:19,2
DA:21,1
DA:22,0
DA:24,2
DA:25,2
DA:28,0
DA:30,0
DA:31,0
DA:33,0
DA:34,0
DA:37,2
DA:39,1
DA:40,0
DA:42,2
DA:43,2
DA:46,0
DA:48,0
DA:49,0
DA:51,0
DA:52,0
DA:55,2
DA:57,1
DA:58,0
DA:60,2
DA:61,2
DA:64,2
DA:65,2
DA:66,2
DA:68,2
DA:71,1
DA:72,1
DA:74,2
DA:75,2
DA:78,2
DA:80,1
DA:81,1
DA:82,0
DA:84,2
DA:85,2
DA:88,2
DA:90,1
DA:91,1
DA:92,0
DA:94,2
DA:95,2
DA:99,4
DA:101,9
DA:103,4
DA:105,4
DA:107,1
DA:109,4
DA:111,4
DA:112,5
DA:114,5
DA:116,15
DA:119,17
DA:124,15
DA:126,8
DA:127,1
DA:129,15
DA:130,15
DA:135,5
DA:137,3
DA:138,1
DA:140,5
DA:141,5
DA:145,5
LF:73
LH:57
BRDA:12,0,0,2
BRDA:12,0,1,0
BRDA:21,1,0,1
BRDA:21,1,1,0
BRDA:30,2,0,0
BRDA:30,2,1,0
BRDA:39,3,0,1
BRDA:39,3,1,0
BRDA:48,4,0,0
BRDA:48,4,1,0
BRDA:57,5,0,1
BRDA:57,5,1,0
BRDA:65,6,0,2
BRDA:65,6,1,0
BRDA:68,7,0,1
BRDA:68,7,1,1
BRDA:80,8,0,1
BRDA:80,8,1,0
BRDA:90,9,0,1
BRDA:90,9,1,0
BRDA:126,10,0,7
BRDA:126,10,1,1
BRDA:137,11,0,2
BRDA:137,11,1,1
BRF:24
BRH:13
end_of_record
TN:
SF:src/core/builders/query-builder/create.ts
FN:3,insert
FN:6,(anonymous_1)
FN:11,insertOrReplace
FNF:3
FNH:3
FNDA:14,insert
FNDA:38,(anonymous_1)
FNDA:14,insertOrReplace
DA:4,14
DA:5,14
DA:6,38
DA:8,14
DA:12,14
LF:5
LH:5
BRF:0
BRH:0
end_of_record
TN:
SF:src/core/builders/query-builder/destroy.ts
FN:1,destroy
FN:5,destroyAll
FNF:2
FNH:2
FNDA:2,destroy
FNDA:1,destroyAll
DA:2,2
DA:6,1
LF:2
LH:2
BRF:0
BRH:0
end_of_record
TN:
SF:src/core/builders/query-builder/index.ts
FNF:0
FNH:0
LF:0
LH:0
BRF:0
BRH:0
end_of_record
TN:
SF:src/core/builders/query-builder/read.ts
FN:9,query
FN:32,(anonymous_1)
FN:36,queryWhere
FN:37,(anonymous_3)
FN:38,(anonymous_4)
FN:47,propertyOperation
FN:52,(anonymous_6)
FNF:7
FNH:7
FNDA:14,query
FNDA:78,(anonymous_1)
FNDA:14,queryWhere
FNDA:12,(anonymous_3)
FNDA:27,(anonymous_4)
FNDA:27,propertyOperation
FNDA:31,(anonymous_6)
DA:3,4
DA:10,14
DA:15,14
DA:16,14
DA:23,14
DA:24,2
DA:26,14
DA:27,1
DA:29,14
DA:30,1
DA:32,78
DA:37,14
DA:38,12
DA:39,27
DA:41,12
DA:43,14
DA:51,27
DA:53,31
DA:54,31
LF:19
LH:19
BRDA:9,0,0,0
BRDA:15,1,0,14
BRDA:15,1,1,0
BRDA:18,2,0,9
BRDA:18,2,1,5
BRDA:23,3,0,2
BRDA:23,3,1,12
BRDA:23,4,0,14
BRDA:23,4,1,2
BRDA:26,5,0,1
BRDA:26,5,1,13
BRDA:29,6,0,1
BRDA:29,6,1,13
BRDA:29,7,0,14
BRDA:29,7,1,1
BRDA:41,8,0,12
BRDA:41,8,1,0
BRDA:43,9,0,11
BRDA:43,9,1,3
BRDA:54,10,0,7
BRDA:54,10,1,24
BRDA:54,11,0,31
BRDA:54,11,1,28
BRF:23
BRH:20
end_of_record
TN:
SF:src/core/builders/query-builder/schema.ts
FN:8,_createTableColumns
FN:10,(anonymous_1)
FN:25,createTable
FN:31,dropTable
FN:35,tableExists
FNF:5
FNH:0
FNDA:0,_createTableColumns
FNDA:0,(anonymous_1)
FNDA:0,createTable
FNDA:0,dropTable
FNDA:0,tableExists
DA:3,4
DA:9,0
DA:11,0
DA:12,0
DA:13,0
DA:15,0
DA:16,0
DA:17,0
DA:19,0
DA:26,0
DA:27,0
DA:32,0
DA:36,0
LF:13
LH:1
BRDA:12,0,0,0
BRDA:12,0,1,0
BRDA:15,1,0,0
BRDA:15,1,1,0
BRDA:16,2,0,0
BRDA:16,2,1,0
BRDA:17,3,0,0
BRDA:17,3,1,0
BRDA:17,4,0,0
BRDA:17,4,1,0
BRF:10
BRH:0
end_of_record
TN:
SF:src/core/builders/query-builder/update.ts
FN:3,update
FN:6,(anonymous_1)
FNF:2
FNH:2
FNDA:8,update
FNDA:8,(anonymous_1)
DA:4,8
DA:5,8
DA:6,8
DA:9,8
LF:4
LH:4
BRF:0
BRH:0
end_of_record
TN:
SF:src/hooks/useDbAction.ts
FN:7,useDbAction
FNF:1
FNH:1
FNDA:1,useDbAction
DA:8,1
LF:1
LH:1
BRF:0
BRH:0
end_of_record
TN:
SF:src/hooks/useDbContext.ts
FN:6,useDbContext
FNF:1
FNH:1
FNDA:2,useDbContext
DA:7,2
LF:1
LH:1
BRF:0
BRH:0
end_of_record
TN:
SF:src/hooks/useDbQuery.ts
FN:6,useDbQuery
FN:8,(anonymous_1)
FN:11,(anonymous_2)
FN:15,(anonymous_3)
FN:22,(anonymous_4)
FN:25,(anonymous_5)
FNF:6
FNH:3
FNDA:1,useDbQuery
FNDA:0,(anonymous_1)
FNDA:0,(anonymous_2)
FNDA:0,(anonymous_3)
FNDA:1,(anonymous_4)
FNDA:1,(anonymous_5)
DA:11,1
DA:12,1
DA:13,1
DA:15,1
DA:16,0
DA:17,0
DA:18,0
DA:19,0
DA:22,1
DA:23,1
DA:24,1
DA:25,1
DA:26,1
DA:30,1
LF:14
LH:10
BRDA:8,0,0,1
BRDA:9,1,0,1
BRDA:16,2,0,0
BRDA:16,2,1,0
BRF:4
BRH:2
end_of_record
TN:
SF:src/migrator/update-database.ts
FN:9,updateDatabase
FN:16,(anonymous_1)
FN:16,(anonymous_2)
FNF:3
FNH:0
FNDA:0,updateDatabase
FNDA:0,(anonymous_1)
FNDA:0,(anonymous_2)
DA:10,0
DA:11,0
DA:12,0
DA:13,0
DA:14,0
DA:15,0
DA:16,0
DA:17,0
DA:21,0
DA:31,0
DA:32,0
DA:33,0
DA:34,0
DA:35,0
DA:39,0
LF:15
LH:0
BRDA:12,0,0,0
BRDA:12,0,1,0
BRDA:15,1,0,0
BRDA:15,1,1,0
BRF:4
BRH:0
end_of_record
